<?xml version="1.0" encoding="UTF-8"?>
<!-- Generated by org.testng.reporters.JUnitReportReporter -->
<testsuite hostname="DESKTOP-FDDB765" failures="0" tests="3" name="demo.SecondCheck" time="10.620" errors="0" timestamp="2025-07-12T21:11:06 IST" skipped="0">
  <testcase classname="demo.SecondCheck" name="second_one" time="6.232"/>
  <system-out/>
  <testcase classname="demo.SecondCheck" name="second_second" time="2.062"/>
  <system-out/>
  <testcase classname="demo.SecondCheck" name="second_three" time="2.326"/>
  <system-out/>
</testsuite> <!-- demo.SecondCheck -->
