<?xml version="1.0" encoding="UTF-8"?>
<!-- Generated by org.testng.reporters.JUnitReportReporter -->
<testsuite hostname="DESKTOP-FDDB765" failures="0" tests="3" name="demo.CheckingData" time="7.680" errors="0" timestamp="2025-07-12T16:42:01 IST" skipped="0">
  <testcase classname="demo.CheckingData" name="fun" time="5.283"/>
  <system-out/>
  <testcase classname="demo.CheckingData" name="eat" time="2.057"/>
  <system-out/>
  <testcase classname="demo.CheckingData" name="fly" time="0.340"/>
  <system-out/>
</testsuite> <!-- demo.CheckingData -->
