<?xml version="1.0" encoding="UTF-8"?>
<!-- Generated by org.testng.reporters.JUnitReportReporter -->
<testsuite hostname="DESKTOP-FDDB765" failures="0" tests="3" name="demo.CheckingData" time="9.167" errors="0" timestamp="2025-07-12T21:11:06 IST" skipped="0">
  <testcase classname="demo.CheckingData" name="fun" time="6.112"/>
  <system-out/>
  <testcase classname="demo.CheckingData" name="eat" time="2.088"/>
  <system-out/>
  <testcase classname="demo.CheckingData" name="fly" time="0.967"/>
  <system-out/>
</testsuite> <!-- demo.CheckingData -->
